[0.584s] Invoking command in '/home/miyamoto/ros2_ws/src/mypkg': PYTHONPATH=/home/miyamoto/ros2_ws/src/mypkg/install/mypkg/lib/python3.6/site-packages:${PYTHONPATH} /usr/bin/python3 setup.py egg_info --egg-base build/mypkg build --build-base /home/miyamoto/ros2_ws/src/mypkg/build/mypkg/build install --prefix /home/miyamoto/ros2_ws/src/mypkg/install/mypkg --record /home/miyamoto/ros2_ws/src/mypkg/build/mypkg/install.log --single-version-externally-managed
[0.775s] running egg_info
[0.776s] creating build/mypkg/mypkg.egg-info
[0.776s] writing build/mypkg/mypkg.egg-info/PKG-INFO
[0.776s] writing dependency_links to build/mypkg/mypkg.egg-info/dependency_links.txt
[0.777s] writing entry points to build/mypkg/mypkg.egg-info/entry_points.txt
[0.777s] writing requirements to build/mypkg/mypkg.egg-info/requires.txt
[0.777s] writing top-level names to build/mypkg/mypkg.egg-info/top_level.txt
[0.777s] writing manifest file 'build/mypkg/mypkg.egg-info/SOURCES.txt'
[0.811s] reading manifest file 'build/mypkg/mypkg.egg-info/SOURCES.txt'
[0.812s] writing manifest file 'build/mypkg/mypkg.egg-info/SOURCES.txt'
[0.813s] running build
[0.813s] running build_py
[0.813s] creating /home/miyamoto/ros2_ws/src/mypkg/build/mypkg/build
[0.850s] creating /home/miyamoto/ros2_ws/src/mypkg/build/mypkg/build/lib
[0.850s] creating /home/miyamoto/ros2_ws/src/mypkg/build/mypkg/build/lib/mypkg
[0.851s] copying mypkg/talker.py -> /home/miyamoto/ros2_ws/src/mypkg/build/mypkg/build/lib/mypkg
[0.852s] copying mypkg/listener.py -> /home/miyamoto/ros2_ws/src/mypkg/build/mypkg/build/lib/mypkg
[0.852s] copying mypkg/__init__.py -> /home/miyamoto/ros2_ws/src/mypkg/build/mypkg/build/lib/mypkg
[0.852s] running install
[0.853s] running install_lib
[0.855s] creating /home/miyamoto/ros2_ws/src/mypkg/install/mypkg/lib/python3.6/site-packages/mypkg
[0.856s] copying /home/miyamoto/ros2_ws/src/mypkg/build/mypkg/build/lib/mypkg/talker.py -> /home/miyamoto/ros2_ws/src/mypkg/install/mypkg/lib/python3.6/site-packages/mypkg
[0.856s] copying /home/miyamoto/ros2_ws/src/mypkg/build/mypkg/build/lib/mypkg/listener.py -> /home/miyamoto/ros2_ws/src/mypkg/install/mypkg/lib/python3.6/site-packages/mypkg
[0.857s] copying /home/miyamoto/ros2_ws/src/mypkg/build/mypkg/build/lib/mypkg/__init__.py -> /home/miyamoto/ros2_ws/src/mypkg/install/mypkg/lib/python3.6/site-packages/mypkg
[0.858s] byte-compiling /home/miyamoto/ros2_ws/src/mypkg/install/mypkg/lib/python3.6/site-packages/mypkg/talker.py to talker.cpython-36.pyc
[0.859s] byte-compiling /home/miyamoto/ros2_ws/src/mypkg/install/mypkg/lib/python3.6/site-packages/mypkg/listener.py to listener.cpython-36.pyc
[0.860s] byte-compiling /home/miyamoto/ros2_ws/src/mypkg/install/mypkg/lib/python3.6/site-packages/mypkg/__init__.py to __init__.cpython-36.pyc
[0.860s] running install_data
[0.861s] creating /home/miyamoto/ros2_ws/src/mypkg/install/mypkg/share/ament_index
[0.861s] creating /home/miyamoto/ros2_ws/src/mypkg/install/mypkg/share/ament_index/resource_index
[0.862s] creating /home/miyamoto/ros2_ws/src/mypkg/install/mypkg/share/ament_index/resource_index/packages
[0.862s] copying resource/mypkg -> /home/miyamoto/ros2_ws/src/mypkg/install/mypkg/share/ament_index/resource_index/packages
[0.863s] copying package.xml -> /home/miyamoto/ros2_ws/src/mypkg/install/mypkg/share/mypkg
[0.863s] running install_egg_info
[0.865s] Copying build/mypkg/mypkg.egg-info to /home/miyamoto/ros2_ws/src/mypkg/install/mypkg/lib/python3.6/site-packages/mypkg-0.0.0-py3.6.egg-info
[0.868s] running install_scripts
[0.889s] Installing listener script to /home/miyamoto/ros2_ws/src/mypkg/install/mypkg/lib/mypkg
[0.889s] Installing talker script to /home/miyamoto/ros2_ws/src/mypkg/install/mypkg/lib/mypkg
[0.890s] writing list of installed files to '/home/miyamoto/ros2_ws/src/mypkg/build/mypkg/install.log'
[0.910s] Invoked command in '/home/miyamoto/ros2_ws/src/mypkg' returned '0': PYTHONPATH=/home/miyamoto/ros2_ws/src/mypkg/install/mypkg/lib/python3.6/site-packages:${PYTHONPATH} /usr/bin/python3 setup.py egg_info --egg-base build/mypkg build --build-base /home/miyamoto/ros2_ws/src/mypkg/build/mypkg/build install --prefix /home/miyamoto/ros2_ws/src/mypkg/install/mypkg --record /home/miyamoto/ros2_ws/src/mypkg/build/mypkg/install.log --single-version-externally-managed
